<?xml version="1.0" encoding="UTF-8"?>
<!-- Generated by org.testng.reporters.JUnitXMLReporter -->
<testsuite hostname="DESKTOP-TKNJ4V5" failures="0" tests="6" name="Test" time="0.079" errors="0" timestamp="18 Jul 2022 10:36:08 GMT">
  <testcase classname="com.test.Prctice3Test" name="test4" time="0.02"/>
  <testcase classname="com.test.Prctice3Test" name="test5" time="0.005"/>
  <testcase classname="com.test.Prctice3Test" name="test6" time="0.002"/>
  <testcase classname="com.test.Practice1Test" name="test1" time="0.003"/>
  <testcase classname="com.test.Practice1Test" name="test2" time="0.003"/>
  <testcase classname="com.test.Practice1Test" name="test3" time="0.002"/>
</testsuite> <!-- Test -->
