<?xml version="1.0" encoding="UTF-8"?>
<testng-results total="2" passed="2" failed="0" skipped="0">
  <reporter-output>
    <line>
      <![CDATA[test3]]>
    </line>
    <line>
      <![CDATA[test2]]>
    </line>
  </reporter-output>
  <suite started-at="2022-07-18T10:54:02Z" name="Default suite" finished-at="2022-07-18T10:54:02Z" duration-ms="61">
    <groups>
    </groups>
    <test started-at="2022-07-18T10:54:02Z" name="Default test" finished-at="2022-07-18T10:54:02Z" duration-ms="61">
      <class name="com.test.Prctice3Test">
        <test-method signature="test3()[pri:0, instance:com.test.Prctice3Test@3af0a9da]" started-at="2022-07-18T16:24:02Z" name="test3" finished-at="2022-07-18T16:24:02Z" duration-ms="21" status="PASS">
          <reporter-output>
            <line>
              <![CDATA[test3]]>
            </line>
          </reporter-output>
        </test-method> <!-- test3 -->
      </class> <!-- com.test.Prctice3Test -->
      <class name="com.test.Practice2Test">
        <test-method signature="test2()[pri:0, instance:com.test.Practice2Test@37e4d7bb]" started-at="2022-07-18T16:24:02Z" name="test2" finished-at="2022-07-18T16:24:02Z" duration-ms="3" status="PASS">
          <reporter-output>
            <line>
              <![CDATA[test2]]>
            </line>
          </reporter-output>
        </test-method> <!-- test2 -->
      </class> <!-- com.test.Practice2Test -->
    </test> <!-- Default test -->
  </suite> <!-- Default suite -->
</testng-results>
